c:\users\mvanacke\documents\spai\project\juce\test3\pitchshiftjuceleg\pitchshiftjuce\builds\visualstudio2019\x64\debug\app\include_juce_audio_formats.obj
c:\users\mvanacke\documents\spai\project\juce\test3\pitchshiftjuceleg\pitchshiftjuce\builds\visualstudio2019\x64\debug\app\include_juce_data_structures.obj
c:\users\mvanacke\documents\spai\project\juce\test3\pitchshiftjuceleg\pitchshiftjuce\builds\visualstudio2019\x64\debug\app\include_juce_dsp.obj
c:\users\mvanacke\documents\spai\project\juce\test3\pitchshiftjuceleg\pitchshiftjuce\builds\visualstudio2019\x64\debug\app\include_juce_gui_extra.obj
c:\users\mvanacke\documents\spai\project\juce\test3\pitchshiftjuceleg\pitchshiftjuce\builds\visualstudio2019\x64\debug\app\main.obj
c:\users\mvanacke\documents\spai\project\juce\test3\pitchshiftjuceleg\pitchshiftjuce\builds\visualstudio2019\x64\debug\app\include_juce_audio_utils.obj
c:\users\mvanacke\documents\spai\project\juce\test3\pitchshiftjuceleg\pitchshiftjuce\builds\visualstudio2019\x64\debug\app\include_juce_graphics.obj
c:\users\mvanacke\documents\spai\project\juce\test3\pitchshiftjuceleg\pitchshiftjuce\builds\visualstudio2019\x64\debug\app\include_juce_audio_basics.obj
c:\users\mvanacke\documents\spai\project\juce\test3\pitchshiftjuceleg\pitchshiftjuce\builds\visualstudio2019\x64\debug\app\include_juce_audio_processors.obj
c:\users\mvanacke\documents\spai\project\juce\test3\pitchshiftjuceleg\pitchshiftjuce\builds\visualstudio2019\x64\debug\app\include_juce_gui_basics.obj
c:\users\mvanacke\documents\spai\project\juce\test3\pitchshiftjuceleg\pitchshiftjuce\builds\visualstudio2019\x64\debug\app\include_juce_audio_devices.obj
c:\users\mvanacke\documents\spai\project\juce\test3\pitchshiftjuceleg\pitchshiftjuce\builds\visualstudio2019\x64\debug\app\include_juce_core.obj
c:\users\mvanacke\documents\spai\project\juce\test3\pitchshiftjuceleg\pitchshiftjuce\builds\visualstudio2019\x64\debug\app\include_juce_events.obj
c:\users\mvanacke\documents\spai\project\juce\test3\pitchshiftjuceleg\pitchshiftjuce\builds\visualstudio2019\x64\debug\app\vc142.pdb
c:\users\mvanacke\documents\spai\project\juce\test3\pitchshiftjuceleg\pitchshiftjuce\builds\visualstudio2019\x64\debug\app\processingaudioinputtutorial.exe
c:\users\mvanacke\documents\spai\project\juce\test3\pitchshiftjuceleg\pitchshiftjuce\builds\visualstudio2019\x64\debug\app\processingaudioinputtutorial.ilk
c:\users\mvanacke\documents\spai\project\juce\test3\pitchshiftjuceleg\pitchshiftjuce\builds\visualstudio2019\x64\debug\app\processingaudioinputtutorial.pdb
c:\users\mvanacke\documents\spai\project\juce\test3\pitchshiftjuceleg\pitchshiftjuce\builds\visualstudio2019\x64\debug\app\resources.res
c:\users\mvanacke\documents\spai\project\juce\test3\pitchshiftjuceleg\pitchshiftjuce\builds\visualstudio2019\x64\debug\app\processi.122314e1.tlog\cl.command.1.tlog
c:\users\mvanacke\documents\spai\project\juce\test3\pitchshiftjuceleg\pitchshiftjuce\builds\visualstudio2019\x64\debug\app\processi.122314e1.tlog\cl.read.1.tlog
c:\users\mvanacke\documents\spai\project\juce\test3\pitchshiftjuceleg\pitchshiftjuce\builds\visualstudio2019\x64\debug\app\processi.122314e1.tlog\cl.write.1.tlog
c:\users\mvanacke\documents\spai\project\juce\test3\pitchshiftjuceleg\pitchshiftjuce\builds\visualstudio2019\x64\debug\app\processi.122314e1.tlog\link.command.1.tlog
c:\users\mvanacke\documents\spai\project\juce\test3\pitchshiftjuceleg\pitchshiftjuce\builds\visualstudio2019\x64\debug\app\processi.122314e1.tlog\link.read.1.tlog
c:\users\mvanacke\documents\spai\project\juce\test3\pitchshiftjuceleg\pitchshiftjuce\builds\visualstudio2019\x64\debug\app\processi.122314e1.tlog\link.write.1.tlog
c:\users\mvanacke\documents\spai\project\juce\test3\pitchshiftjuceleg\pitchshiftjuce\builds\visualstudio2019\x64\debug\app\processi.122314e1.tlog\rc.command.1.tlog
c:\users\mvanacke\documents\spai\project\juce\test3\pitchshiftjuceleg\pitchshiftjuce\builds\visualstudio2019\x64\debug\app\processi.122314e1.tlog\rc.read.1.tlog
c:\users\mvanacke\documents\spai\project\juce\test3\pitchshiftjuceleg\pitchshiftjuce\builds\visualstudio2019\x64\debug\app\processi.122314e1.tlog\rc.write.1.tlog
